<?xml version="1.0" encoding="UTF-8"?>
<!-- Generated by org.testng.reporters.JUnitReportReporter -->
<testsuite skipped="0" hostname="vicky-PC" name="com.qa.pomcrm.testcases.LoginPageTest" tests="3" failures="0" timestamp="2020-07-18T18:05:54 IST" time="78.492" errors="0">
  <testcase name="verifyLoginPageURLTest" time="13.254" classname="com.qa.pomcrm.testcases.LoginPageTest"/>
  <system-out/>
  <testcase name="vaerifyLoginPageTitle" time="33.732" classname="com.qa.pomcrm.testcases.LoginPageTest"/>
  <system-out/>
  <testcase name="verifyLoginTest" time="31.506" classname="com.qa.pomcrm.testcases.LoginPageTest"/>
  <system-out/>
</testsuite> <!-- com.qa.pomcrm.testcases.LoginPageTest -->
